[2020-09-09 05:30:55.345] [exthost] [info] extension host started
[2020-09-09 05:30:55.404] [exthost] [info] ExtensionService#_doActivateExtension vscode.microsoft-authentication {"startup":false,"extensionId":{"value":"vscode.microsoft-authentication","_lower":"vscode.microsoft-authentication"},"activationEvent":"onAuthenticationRequest:microsoft"}
[2020-09-09 05:30:55.405] [exthost] [info] ExtensionService#loadCommonJSModule file:///snap/code/42/usr/share/code/resources/app/extensions/microsoft-authentication/dist/extension.js
[2020-09-09 05:30:55.442] [exthost] [info] ExtensionService#_doActivateExtension vscode.github-authentication {"startup":false,"extensionId":{"value":"vscode.github-authentication","_lower":"vscode.github-authentication"},"activationEvent":"onAuthenticationRequest:github"}
[2020-09-09 05:30:55.442] [exthost] [info] ExtensionService#loadCommonJSModule file:///snap/code/42/usr/share/code/resources/app/extensions/github-authentication/dist/extension.js
[2020-09-09 05:30:55.461] [exthost] [info] ExtensionService#_doActivateExtension vscode.debug-auto-launch {"startup":true,"extensionId":{"value":"vscode.debug-auto-launch","_lower":"vscode.debug-auto-launch"},"activationEvent":"*"}
[2020-09-09 05:30:55.462] [exthost] [info] ExtensionService#loadCommonJSModule file:///snap/code/42/usr/share/code/resources/app/extensions/debug-auto-launch/dist/extension
[2020-09-09 05:30:55.466] [exthost] [info] ExtensionService#_doActivateExtension vscode.emmet {"startup":true,"extensionId":{"value":"vscode.emmet","_lower":"vscode.emmet"},"activationEvent":"*"}
[2020-09-09 05:30:55.466] [exthost] [info] ExtensionService#loadCommonJSModule file:///snap/code/42/usr/share/code/resources/app/extensions/emmet/dist/node/emmetNodeMain
[2020-09-09 05:30:55.502] [exthost] [info] ExtensionService#_doActivateExtension vscode.git {"startup":true,"extensionId":{"value":"vscode.github","_lower":"vscode.github"},"activationEvent":"*"}
[2020-09-09 05:30:55.502] [exthost] [info] ExtensionService#loadCommonJSModule file:///snap/code/42/usr/share/code/resources/app/extensions/git/dist/main
[2020-09-09 05:30:55.583] [exthost] [info] ExtensionService#_doActivateExtension vscode.merge-conflict {"startup":true,"extensionId":{"value":"vscode.merge-conflict","_lower":"vscode.merge-conflict"},"activationEvent":"*"}
[2020-09-09 05:30:55.583] [exthost] [info] ExtensionService#loadCommonJSModule file:///snap/code/42/usr/share/code/resources/app/extensions/merge-conflict/dist/mergeConflictMain
[2020-09-09 05:30:55.588] [exthost] [info] ExtensionService#_doActivateExtension vscode.search-result {"startup":true,"extensionId":{"value":"vscode.search-result","_lower":"vscode.search-result"},"activationEvent":"*"}
[2020-09-09 05:30:55.588] [exthost] [info] ExtensionService#loadCommonJSModule file:///snap/code/42/usr/share/code/resources/app/extensions/search-result/dist/extension.js
[2020-09-09 05:30:55.591] [exthost] [info] ExtensionService#_doActivateExtension eamodio.gitlens {"startup":true,"extensionId":{"value":"eamodio.gitlens","_lower":"eamodio.gitlens"},"activationEvent":"*"}
[2020-09-09 05:30:55.591] [exthost] [info] ExtensionService#loadCommonJSModule file:///root/.vscode/extensions/eamodio.gitlens-10.2.2/dist/extension
[2020-09-09 05:30:55.786] [exthost] [info] ExtensionService#_doActivateExtension vscode.github {"startup":true,"extensionId":{"value":"vscode.github","_lower":"vscode.github"},"activationEvent":"*"}
[2020-09-09 05:30:55.787] [exthost] [info] ExtensionService#loadCommonJSModule file:///snap/code/42/usr/share/code/resources/app/extensions/github/dist/extension.js
[2020-09-09 05:30:55.889] [exthost] [info] eager extensions activated
[2020-09-09 05:31:02.278] [exthost] [info] extension host started
[2020-09-09 05:31:02.339] [exthost] [info] ExtensionService#_doActivateExtension vscode.microsoft-authentication {"startup":false,"extensionId":{"value":"vscode.microsoft-authentication","_lower":"vscode.microsoft-authentication"},"activationEvent":"onAuthenticationRequest:microsoft"}
[2020-09-09 05:31:02.340] [exthost] [info] ExtensionService#loadCommonJSModule file:///snap/code/42/usr/share/code/resources/app/extensions/microsoft-authentication/dist/extension.js
[2020-09-09 05:31:02.386] [exthost] [info] ExtensionService#_doActivateExtension vscode.github-authentication {"startup":false,"extensionId":{"value":"vscode.github-authentication","_lower":"vscode.github-authentication"},"activationEvent":"onAuthenticationRequest:github"}
[2020-09-09 05:31:02.386] [exthost] [info] ExtensionService#loadCommonJSModule file:///snap/code/42/usr/share/code/resources/app/extensions/github-authentication/dist/extension.js
[2020-09-09 05:31:02.406] [exthost] [info] ExtensionService#_doActivateExtension vscode.debug-auto-launch {"startup":true,"extensionId":{"value":"vscode.debug-auto-launch","_lower":"vscode.debug-auto-launch"},"activationEvent":"*"}
[2020-09-09 05:31:02.406] [exthost] [info] ExtensionService#loadCommonJSModule file:///snap/code/42/usr/share/code/resources/app/extensions/debug-auto-launch/dist/extension
[2020-09-09 05:31:02.409] [exthost] [info] ExtensionService#_doActivateExtension vscode.emmet {"startup":true,"extensionId":{"value":"vscode.emmet","_lower":"vscode.emmet"},"activationEvent":"*"}
[2020-09-09 05:31:02.409] [exthost] [info] ExtensionService#loadCommonJSModule file:///snap/code/42/usr/share/code/resources/app/extensions/emmet/dist/node/emmetNodeMain
[2020-09-09 05:31:02.438] [exthost] [info] ExtensionService#_doActivateExtension vscode.git {"startup":true,"extensionId":{"value":"vscode.github","_lower":"vscode.github"},"activationEvent":"*"}
[2020-09-09 05:31:02.438] [exthost] [info] ExtensionService#loadCommonJSModule file:///snap/code/42/usr/share/code/resources/app/extensions/git/dist/main
[2020-09-09 05:31:02.514] [exthost] [info] ExtensionService#_doActivateExtension vscode.merge-conflict {"startup":true,"extensionId":{"value":"vscode.merge-conflict","_lower":"vscode.merge-conflict"},"activationEvent":"*"}
[2020-09-09 05:31:02.514] [exthost] [info] ExtensionService#loadCommonJSModule file:///snap/code/42/usr/share/code/resources/app/extensions/merge-conflict/dist/mergeConflictMain
[2020-09-09 05:31:02.520] [exthost] [info] ExtensionService#_doActivateExtension vscode.search-result {"startup":true,"extensionId":{"value":"vscode.search-result","_lower":"vscode.search-result"},"activationEvent":"*"}
[2020-09-09 05:31:02.521] [exthost] [info] ExtensionService#loadCommonJSModule file:///snap/code/42/usr/share/code/resources/app/extensions/search-result/dist/extension.js
[2020-09-09 05:31:02.523] [exthost] [info] ExtensionService#_doActivateExtension eamodio.gitlens {"startup":true,"extensionId":{"value":"eamodio.gitlens","_lower":"eamodio.gitlens"},"activationEvent":"*"}
[2020-09-09 05:31:02.523] [exthost] [info] ExtensionService#loadCommonJSModule file:///root/.vscode/extensions/eamodio.gitlens-10.2.2/dist/extension
[2020-09-09 05:31:02.690] [exthost] [info] ExtensionService#_doActivateExtension vscode.npm {"startup":true,"extensionId":{"value":"vscode.npm","_lower":"vscode.npm"},"activationEvent":"workspaceContains:package.json"}
[2020-09-09 05:31:02.690] [exthost] [info] ExtensionService#loadCommonJSModule file:///snap/code/42/usr/share/code/resources/app/extensions/npm/dist/npmMain
[2020-09-09 05:31:02.982] [exthost] [info] ExtensionService#_doActivateExtension vscode.github {"startup":true,"extensionId":{"value":"vscode.github","_lower":"vscode.github"},"activationEvent":"*"}
[2020-09-09 05:31:02.982] [exthost] [info] ExtensionService#loadCommonJSModule file:///snap/code/42/usr/share/code/resources/app/extensions/github/dist/extension.js
[2020-09-09 05:31:03.150] [exthost] [info] eager extensions activated
[2020-09-09 05:31:17.212] [exthost] [info] ExtensionService#_doActivateExtension octref.vetur {"startup":false,"extensionId":{"value":"octref.vetur","_lower":"octref.vetur"},"activationEvent":"onLanguage:vue"}
[2020-09-09 05:31:17.212] [exthost] [info] ExtensionService#loadCommonJSModule file:///root/.vscode/extensions/octref.vetur-0.27.2/dist/client/vueMain
[2020-09-09 05:31:39.266] [exthost] [info] ExtensionService#_doActivateExtension vscode.extension-editing {"startup":false,"extensionId":{"value":"vscode.extension-editing","_lower":"vscode.extension-editing"},"activationEvent":"onLanguage:typescript"}
[2020-09-09 05:31:39.266] [exthost] [info] ExtensionService#loadCommonJSModule file:///snap/code/42/usr/share/code/resources/app/extensions/extension-editing/dist/extensionEditingMain
[2020-09-09 05:31:39.296] [exthost] [info] ExtensionService#_doActivateExtension vscode.typescript-language-features {"startup":false,"extensionId":{"value":"vscode.typescript-language-features","_lower":"vscode.typescript-language-features"},"activationEvent":"onLanguage:typescript"}
[2020-09-09 05:31:39.296] [exthost] [info] ExtensionService#loadCommonJSModule file:///snap/code/42/usr/share/code/resources/app/extensions/typescript-language-features/dist/extension
[2020-09-09 06:12:38.934] [exthost] [info] ExtensionService#_doActivateExtension austenc.laravel-blade-spacer {"startup":false,"extensionId":{"value":"austenc.laravel-blade-spacer","_lower":"austenc.laravel-blade-spacer"},"activationEvent":"*"}
[2020-09-09 06:12:38.935] [exthost] [info] ExtensionService#loadCommonJSModule file:///root/.vscode/extensions/austenc.laravel-blade-spacer-2.1.2/out/extension
